[23:40:02] [ServerMain/INFO]: Environment: Environment[sessionHost=https://sessionserver.mojang.com, servicesHost=https://api.minecraftservices.com, name=PROD]
[23:40:02] [ServerMain/INFO]: No existing world data, creating new world
[23:40:03] [ServerMain/INFO]: Loaded 1290 recipes
[23:40:03] [ServerMain/INFO]: Loaded 1399 advancements
[23:40:03] [Server thread/INFO]: Starting minecraft server version 1.21.1
[23:40:03] [Server thread/INFO]: Loading properties
[23:40:03] [Server thread/INFO]: Default game type: SURVIVAL
[23:40:03] [Server thread/INFO]: Generating keypair
[23:40:04] [Server thread/INFO]: Starting Minecraft server on *:25565
[23:40:04] [Server thread/INFO]: Using epoll channel type
[23:40:04] [Server thread/WARN]: **** SERVER IS RUNNING IN OFFLINE/INSECURE MODE!
[23:40:04] [Server thread/WARN]: The server will make no attempt to authenticate usernames. Beware.
[23:40:04] [Server thread/WARN]: While this makes the game possible to play without internet access, it also opens up the ability for hackers to connect with any username they choose.
[23:40:04] [Server thread/WARN]: To change this, set "online-mode" to "true" in the server.properties file.
[23:40:04] [Server thread/INFO]: Preparing level "world"
[23:40:09] [Server thread/INFO]: Preparing start region for dimension minecraft:overworld
[23:40:09] [Worker-Main-3/INFO]: Preparing spawn area: 2%
[23:40:10] [Worker-Main-1/INFO]: Preparing spawn area: 2%
[23:40:10] [Worker-Main-1/INFO]: Preparing spawn area: 2%
[23:40:11] [Worker-Main-3/INFO]: Preparing spawn area: 2%
[23:40:11] [Worker-Main-2/INFO]: Preparing spawn area: 2%
[23:40:12] [Worker-Main-1/INFO]: Preparing spawn area: 8%
[23:40:12] [Worker-Main-3/INFO]: Preparing spawn area: 18%
[23:40:13] [Worker-Main-2/INFO]: Preparing spawn area: 18%
[23:40:13] [Worker-Main-3/INFO]: Preparing spawn area: 30%
[23:40:14] [Worker-Main-2/INFO]: Preparing spawn area: 51%
[23:40:14] [Worker-Main-2/INFO]: Preparing spawn area: 51%
[23:40:15] [Worker-Main-1/INFO]: Preparing spawn area: 51%
[23:40:15] [Server thread/INFO]: Time elapsed: 5857 ms
[23:40:15] [Server thread/INFO]: Done (11.472s)! For help, type "help"
